20231014	19:52:43	74af6400-2420-452a-95bd-6a18ac71eaf5	GET	/	undefined
20231014	19:52:43	0c4f44ca-ca00-4adf-b8f1-58a405eae963	GET	/css/style.css	undefined
20231014	19:52:43	c500bca9-7139-4363-aacf-a9e7d658b035	GET	/index.js	undefined
20231014	19:52:50	d2ffe614-159e-444a-b24c-563dca0cb88e	GET	/	undefined
20231014	19:52:51	c1e1a5c5-e293-4280-8c90-3d89d8217f45	GET	/css/style.css	undefined
20231014	19:52:51	70abfbf7-83f7-451b-b554-a744e98e3d6c	GET	/index.js	undefined
20231014	19:53:56	85f142b1-5863-4038-915b-9188de68cb44	GET	/	undefined
20231014	19:53:56	8c083dda-fa7a-4176-9a40-88a63e51480d	GET	/css/style.css	undefined
20231014	19:53:56	9f13b6af-57da-486f-9be9-7ca865ff1b99	GET	/index.js	undefined
20231014	19:54:03	16642932-ed13-459b-8840-3230e5918ed5	GET	/	undefined
20231014	19:54:03	17383df9-4156-4f15-9b6f-8218623eabf9	GET	/css/style.css	undefined
20231014	19:54:03	16406cae-367f-48cb-aa8b-8615327511df	GET	/index.js	undefined
20231014	19:54:12	2496ab9e-3e07-4b45-b7ca-0dc407ee15ad	GET	/	undefined
20231014	19:55:35	37986326-233b-4a73-ba4c-b8be8bfaf9b8	GET	/	undefined
20231014	19:55:35	8d487839-d5bd-4e6a-8e1d-a34a22050669	GET	/css/style.css	undefined
20231014	19:55:35	4139fcd8-3882-4a02-a769-aeb780edb38e	GET	/index.js	undefined
20231014	19:55:38	0be6ebbb-c647-4544-8319-e44b603ec2c1	GET	/	undefined
20231014	19:57:07	39814228-12ce-49bf-9e81-de317b801e0d	GET	/	undefined
20231014	19:57:07	13237417-2d2b-4134-86cc-45aaeabf4d78	GET	/css/style.css	undefined
20231014	19:57:07	22782bc5-72bc-4402-b416-11349954321f	GET	/index.js	undefined
20231014	19:57:12	060df412-3ef2-45b2-b7c3-2f834ce05134	GET	/	undefined
20231014	19:57:39	31016e28-abbf-4a63-a8ea-74ae9626c5a0	GET	/	undefined
20231014	19:57:39	69c03cc4-0030-46b0-94fe-a811e5e749b7	GET	/css/style.css	undefined
20231014	19:57:39	4e92ec26-f210-4bbe-a0b1-996e2e15c466	GET	/index.js	undefined
20231014	19:58:21	afd23c62-a973-4992-b04b-fceb710f53af	GET	/	undefined
20231014	19:58:21	6bb07c57-db3e-46a4-ae0d-54d77217aca0	GET	/css/style.css	undefined
20231014	19:58:21	3cf254a9-3824-4eca-b449-b8d97cbf740b	GET	/index.js	undefined
20231014	19:58:24	4bd91387-f5cc-4305-adb6-fdc45908f206	GET	/css/style.css	undefined
20231014	20:00:51	c8ff8219-6fb4-4bb6-9987-da88b9bfae14	GET	/	undefined
20231014	20:00:51	453d93db-2cdf-4a17-b85a-cc792c1ba6ac	GET	/css/style.css	undefined
20231014	20:00:51	5460da02-b603-499b-af73-f1654879778c	GET	/index.js	undefined
20231014	20:01:39	f3e8b4a9-d9db-41bd-b14f-2c3a8883f206	GET	/	undefined
20231014	20:04:22	93b059d6-f63b-4b39-a7fa-d697a0b25422	GET	/	undefined
20231014	20:08:12	a7124a1e-0631-46d1-ad4f-cbebe0aaf594	GET	/	undefined
20231014	20:08:12	bf78089d-59d1-43ce-aac1-1499a52ae744	GET	/css/style.css	undefined
20231014	20:08:12	d5dbb2e8-c3ec-440d-a2f0-8232101dab1b	GET	/index.js	undefined
20231014	20:08:27	439de516-85c3-4e17-96b5-33aa172a132a	GET	/	chrome-untrusted://new-tab-page
20231014	20:09:16	43829fae-9696-4cf7-aa52-e197e2004fb1	GET	/	null
20231014	20:09:53	e4d5cb4b-e2f5-4a70-be3c-8da42f54c858	GET	/	undefined
